<?xml version="1.0" encoding="UTF-8"?>
<!-- Generated by org.testng.reporters.JUnitReportReporter -->
<testsuite hostname="SIPLDT1189" name="testcases.PFchangsReservation" tests="1" failures="0" timestamp="10 Feb 2017 05:47:53 GMT" time="22.385" errors="0">
  <testcase name="login" time="22.385" classname="testcases.PFchangsReservation"/>
</testsuite> <!-- testcases.PFchangsReservation -->
