<?xml version="1.0" encoding="UTF-8"?>
<!-- Generated by org.testng.reporters.JUnitReportReporter -->
<testsuite hostname="SIPLDT1189" name="testcases.SingleGiftCard" tests="1" failures="0" timestamp="10 Feb 2017 05:30:23 GMT" time="105.417" errors="0">
  <testcase name="login" time="105.417" classname="testcases.SingleGiftCard"/>
</testsuite> <!-- testcases.SingleGiftCard -->
